Flutter crash report.
Please report a bug at https://github.com/flutter/flutter/issues.

## command

flutter run

## exception

ArgumentError: Invalid argument(s): Uri org-dartlang-app:/web_entrypoint.dart must have scheme 'file:'.

```
#0      WindowsStyle.pathFromUri (package:path/src/style/windows.dart:86:7)
#1      Context.fromUri (package:path/src/context.dart:1000:32)
#2      FileSystem.getPath (package:file/src/interface/file_system.dart:158:24)
#3      LocalFileSystem.file (package:file/src/backends/local/local_file_system.dart:26:54)
#4      ErrorHandlingFileSystem.file (package:flutter_tools/src/base/error_handling_io.dart:123:24)
#5      ProjectFileInvalidator.findInvalidated (package:flutter_tools/src/run_hot.dart:1449:25)
#6      ResidentWebRunner._updateDevFS (package:flutter_tools/src/isolated/resident_web_runner.dart:478:80)
<asynchronous suspension>
#7      ResidentWebRunner.restart (package:flutter_tools/src/isolated/resident_web_runner.dart:356:37)
<asynchronous suspension>
#8      TerminalHandler._commonTerminalInputHandler (package:flutter_tools/src/resident_runner.dart:1686:40)
<asynchronous suspension>
#9      TerminalHandler.processTerminalInput (package:flutter_tools/src/resident_runner.dart:1739:7)
<asynchronous suspension>
```

## flutter doctor

```
[✓] Flutter (Channel stable, 3.3.0, on Microsoft Windows [Version 10.0.19045.4529], locale en-ID)
    • Flutter version 3.3.0 on channel stable at D:\Semester 5\Pemograman Mobile\flutter
    • Upstream repository https://github.com/flutter/flutter.git
    • Framework revision ffccd96b62 (1 year, 10 months ago), 2022-08-29 17:28:57 -0700
    • Engine revision 5e9e0e0aa8
    • Dart version 2.18.0
    • DevTools version 2.15.0

[!] Android toolchain - develop for Android devices (Android SDK version 34.0.0)
    • Android SDK at C:\Users\Lenovo\AppData\Local\Android\sdk
    • Platform android-34, build-tools 34.0.0
    • Java binary at: D:\Program Files\Android\Android Studio\jre\bin\java
    • Java version OpenJDK Runtime Environment (build 11.0.11+9-b60-7590822)
    ✗ Android license status unknown.
      Run `flutter doctor --android-licenses` to accept the SDK licenses.
      See https://flutter.dev/docs/get-started/install/windows#android-setup for more details.

[✓] Chrome - develop for the web
    • Chrome at C:\Program Files\Google\Chrome\Application\chrome.exe

[✓] Visual Studio - develop for Windows (Visual Studio Community 2022 17.7.6)
    • Visual Studio at C:\Program Files\Microsoft Visual Studio\2022\Community
    • Visual Studio Community 2022 version 17.7.34221.43
    • Windows 10 SDK version 10.0.22621.0

[✓] Android Studio (version 2021.1)
    • Android Studio at D:\Program Files\Android\Android Studio
    • Flutter plugin can be installed from:
      🔨 https://plugins.jetbrains.com/plugin/9212-flutter
    • Dart plugin can be installed from:
      🔨 https://plugins.jetbrains.com/plugin/6351-dart
    • Java version OpenJDK Runtime Environment (build 11.0.11+9-b60-7590822)

[✓] VS Code (version 1.90.1)
    • VS Code at C:\Users\Lenovo\AppData\Local\Programs\Microsoft VS Code
    • Flutter extension version 3.90.0

[✓] Connected device (3 available)
    • Windows (desktop) • windows • windows-x64    • Microsoft Windows [Version 10.0.19045.4529]
    • Chrome (web)      • chrome  • web-javascript • Google Chrome 126.0.6478.114
    • Edge (web)        • edge    • web-javascript • Microsoft Edge 126.0.2592.61

[✓] HTTP Host Availability
    • All required HTTP hosts are available

! Doctor found issues in 1 category.
```
